<?xml version="1.0" encoding="UTF-8"?>
<testsuite xmlns:xsi="http://www.w3.org/2001/XMLSchema-instance" xsi:noNamespaceSchemaLocation="https://maven.apache.org/surefire/maven-surefire-plugin/xsd/surefire-test-report.xsd" name="aivick.ListUtilTest" time="0.109" tests="8" errors="0" skipped="0" failures="1">
  <properties>
[...]
</properties>
  <testcase name="偶数がない場合空のListを返すこと" classname="aivick.ListUtilTest" time="0.045"/>
  <testcase name="引数が空のリスト場合" classname="aivick.ListUtilTest" time="0"/>
  <testcase name="引数1の値に0を指定した場合空のリストを返す" classname="aivick.ListUtilTest" time="0.002"/>
  <testcase name="引数1と引数2をPairとして繰り返して返す" classname="aivick.ListUtilTest" time="0.015">
    <failure message="expected: java.util.ArrayList@3d3fcdb0&lt;[(33,2), (56,6), (11,8)]&gt; but was: java.util.ArrayList@641147d0&lt;[(33,2), (56,6), (11,8)]&gt;" type="org.opentest4j.AssertionFailedError"><![CDATA[org.opentest4j.AssertionFailedError: expected: java.util.ArrayList@3d3fcdb0<[(33,2), (56,6), (11,8)]> but was: java.util.ArrayList@641147d0<[(33,2), (56,6), (11,8)]>
	at aivick.ListUtilTest.引数1と引数2をPairとして繰り返して返す(ListUtilTest.java:78)
]]></failure>
  </testcase>
  <testcase name="引数1と引数2のサイズが違う場合でも小さいサイズに合わせて返すこと1" classname="aivick.ListUtilTest" time="0"/>
  <testcase name="引数2が空の場合" classname="aivick.ListUtilTest" time="0"/>
  <testcase name="引数1の数だけ引数2が抽出できること" classname="aivick.ListUtilTest" time="0.002"/>
  <testcase name="偶数のみが抽出できること" classname="aivick.ListUtilTest" time="0.002"/>
</testsuite>